The system is: Darwin - 17.7.0 - x86_64
Compiling the C compiler identification source file "CMakeCCompilerId.c" succeeded.
Compiler: /Applications/Xcode.app/Contents/Developer/Toolchains/XcodeDefault.xctoolchain/usr/bin/cc 
Build flags: 
Id flags:  

The output was:
0


Compilation of the C compiler identification source "CMakeCCompilerId.c" produced "a.out"

The C compiler identification is AppleClang, found in "/goinfre/qmanamel/Documents/WeThinkCode_/Modules/C++/test/glad/CMakeFiles/3.12.0/CompilerIdC/a.out"

Determining if the C compiler works passed with the following output:
Change Dir: /goinfre/qmanamel/Documents/WeThinkCode_/Modules/C++/test/glad/CMakeFiles/CMakeTmp

Run Build Command:"/usr/bin/make" "cmTC_40e9e/fast"
/Applications/Xcode.app/Contents/Developer/usr/bin/make -f CMakeFiles/cmTC_40e9e.dir/build.make CMakeFiles/cmTC_40e9e.dir/build
Building C object CMakeFiles/cmTC_40e9e.dir/testCCompiler.c.o
/Applications/Xcode.app/Contents/Developer/Toolchains/XcodeDefault.xctoolchain/usr/bin/cc    -o CMakeFiles/cmTC_40e9e.dir/testCCompiler.c.o   -c /goinfre/qmanamel/Documents/WeThinkCode_/Modules/C++/test/glad/CMakeFiles/CMakeTmp/testCCompiler.c
Linking C executable cmTC_40e9e
/goinfre/qmanamel/.brew/Cellar/cmake/3.12.0/bin/cmake -E cmake_link_script CMakeFiles/cmTC_40e9e.dir/link.txt --verbose=1
/Applications/Xcode.app/Contents/Developer/Toolchains/XcodeDefault.xctoolchain/usr/bin/cc   -Wl,-search_paths_first -Wl,-headerpad_max_install_names   CMakeFiles/cmTC_40e9e.dir/testCCompiler.c.o  -o cmTC_40e9e 


Detecting C compiler ABI info compiled with the following output:
Change Dir: /goinfre/qmanamel/Documents/WeThinkCode_/Modules/C++/test/glad/CMakeFiles/CMakeTmp

Run Build Command:"/usr/bin/make" "cmTC_6c0ee/fast"
/Applications/Xcode.app/Contents/Developer/usr/bin/make -f CMakeFiles/cmTC_6c0ee.dir/build.make CMakeFiles/cmTC_6c0ee.dir/build
Building C object CMakeFiles/cmTC_6c0ee.dir/CMakeCCompilerABI.c.o
/Applications/Xcode.app/Contents/Developer/Toolchains/XcodeDefault.xctoolchain/usr/bin/cc    -o CMakeFiles/cmTC_6c0ee.dir/CMakeCCompilerABI.c.o   -c /goinfre/qmanamel/.brew/Cellar/cmake/3.12.0/share/cmake/Modules/CMakeCCompilerABI.c
Linking C executable cmTC_6c0ee
/goinfre/qmanamel/.brew/Cellar/cmake/3.12.0/bin/cmake -E cmake_link_script CMakeFiles/cmTC_6c0ee.dir/link.txt --verbose=1
/Applications/Xcode.app/Contents/Developer/Toolchains/XcodeDefault.xctoolchain/usr/bin/cc   -Wl,-search_paths_first -Wl,-headerpad_max_install_names  -v -Wl,-v CMakeFiles/cmTC_6c0ee.dir/CMakeCCompilerABI.c.o  -o cmTC_6c0ee 
Apple LLVM version 9.0.0 (clang-900.0.39.2)
Target: x86_64-apple-darwin17.7.0
Thread model: posix
InstalledDir: /Applications/Xcode.app/Contents/Developer/Toolchains/XcodeDefault.xctoolchain/usr/bin
 "/Applications/Xcode.app/Contents/Developer/Toolchains/XcodeDefault.xctoolchain/usr/bin/ld" -demangle -lto_library /Applications/Xcode.app/Contents/Developer/Toolchains/XcodeDefault.xctoolchain/usr/lib/libLTO.dylib -dynamic -arch x86_64 -macosx_version_min 10.13.0 -o cmTC_6c0ee -search_paths_first -headerpad_max_install_names -v CMakeFiles/cmTC_6c0ee.dir/CMakeCCompilerABI.c.o -lSystem /Applications/Xcode.app/Contents/Developer/Toolchains/XcodeDefault.xctoolchain/usr/lib/clang/9.0.0/lib/darwin/libclang_rt.osx.a
@(#)PROGRAM:ld  PROJECT:ld64-305
configured to support archs: armv6 armv7 armv7s arm64 i386 x86_64 x86_64h armv6m armv7k armv7m armv7em (tvOS)
Library search paths:
	/usr/lib
Framework search paths:
	/Library/Frameworks/
	/System/Library/Frameworks/


Parsed C implicit link information from above output:
  link line regex: [^( *|.*[/\])(ld|CMAKE_LINK_STARTFILE-NOTFOUND|([^/\]+-)?ld|collect2)[^/\]*( |$)]
  ignore line: [Change Dir: /goinfre/qmanamel/Documents/WeThinkCode_/Modules/C++/test/glad/CMakeFiles/CMakeTmp]
  ignore line: []
  ignore line: [Run Build Command:"/usr/bin/make" "cmTC_6c0ee/fast"]
  ignore line: [/Applications/Xcode.app/Contents/Developer/usr/bin/make -f CMakeFiles/cmTC_6c0ee.dir/build.make CMakeFiles/cmTC_6c0ee.dir/build]
  ignore line: [Building C object CMakeFiles/cmTC_6c0ee.dir/CMakeCCompilerABI.c.o]
  ignore line: [/Applications/Xcode.app/Contents/Developer/Toolchains/XcodeDefault.xctoolchain/usr/bin/cc    -o CMakeFiles/cmTC_6c0ee.dir/CMakeCCompilerABI.c.o   -c /goinfre/qmanamel/.brew/Cellar/cmake/3.12.0/share/cmake/Modules/CMakeCCompilerABI.c]
  ignore line: [Linking C executable cmTC_6c0ee]
  ignore line: [/goinfre/qmanamel/.brew/Cellar/cmake/3.12.0/bin/cmake -E cmake_link_script CMakeFiles/cmTC_6c0ee.dir/link.txt --verbose=1]
  ignore line: [/Applications/Xcode.app/Contents/Developer/Toolchains/XcodeDefault.xctoolchain/usr/bin/cc   -Wl,-search_paths_first -Wl,-headerpad_max_install_names  -v -Wl,-v CMakeFiles/cmTC_6c0ee.dir/CMakeCCompilerABI.c.o  -o cmTC_6c0ee ]
  ignore line: [Apple LLVM version 9.0.0 (clang-900.0.39.2)]
  ignore line: [Target: x86_64-apple-darwin17.7.0]
  ignore line: [Thread model: posix]
  ignore line: [InstalledDir: /Applications/Xcode.app/Contents/Developer/Toolchains/XcodeDefault.xctoolchain/usr/bin]
  link line: [ "/Applications/Xcode.app/Contents/Developer/Toolchains/XcodeDefault.xctoolchain/usr/bin/ld" -demangle -lto_library /Applications/Xcode.app/Contents/Developer/Toolchains/XcodeDefault.xctoolchain/usr/lib/libLTO.dylib -dynamic -arch x86_64 -macosx_version_min 10.13.0 -o cmTC_6c0ee -search_paths_first -headerpad_max_install_names -v CMakeFiles/cmTC_6c0ee.dir/CMakeCCompilerABI.c.o -lSystem /Applications/Xcode.app/Contents/Developer/Toolchains/XcodeDefault.xctoolchain/usr/lib/clang/9.0.0/lib/darwin/libclang_rt.osx.a]
    arg [/Applications/Xcode.app/Contents/Developer/Toolchains/XcodeDefault.xctoolchain/usr/bin/ld] ==> ignore
    arg [-demangle] ==> ignore
    arg [-lto_library] ==> ignore, skip following value
    arg [/Applications/Xcode.app/Contents/Developer/Toolchains/XcodeDefault.xctoolchain/usr/lib/libLTO.dylib] ==> skip value of -lto_library
    arg [-dynamic] ==> ignore
    arg [-arch] ==> ignore
    arg [x86_64] ==> ignore
    arg [-macosx_version_min] ==> ignore
    arg [10.13.0] ==> ignore
    arg [-o] ==> ignore
    arg [cmTC_6c0ee] ==> ignore
    arg [-search_paths_first] ==> ignore
    arg [-headerpad_max_install_names] ==> ignore
    arg [-v] ==> ignore
    arg [CMakeFiles/cmTC_6c0ee.dir/CMakeCCompilerABI.c.o] ==> ignore
    arg [-lSystem] ==> lib [System]
    arg [/Applications/Xcode.app/Contents/Developer/Toolchains/XcodeDefault.xctoolchain/usr/lib/clang/9.0.0/lib/darwin/libclang_rt.osx.a] ==> lib [/Applications/Xcode.app/Contents/Developer/Toolchains/XcodeDefault.xctoolchain/usr/lib/clang/9.0.0/lib/darwin/libclang_rt.osx.a]
  Library search paths: [;/usr/lib]
  Framework search paths: [;/Library/Frameworks/;/System/Library/Frameworks/]
  remove lib [System]
  remove lib [/Applications/Xcode.app/Contents/Developer/Toolchains/XcodeDefault.xctoolchain/usr/lib/clang/9.0.0/lib/darwin/libclang_rt.osx.a]
  collapse library dir [/usr/lib] ==> [/usr/lib]
  collapse framework dir [/Library/Frameworks/] ==> [/Library/Frameworks]
  collapse framework dir [/System/Library/Frameworks/] ==> [/System/Library/Frameworks]
  implicit libs: []
  implicit dirs: [/usr/lib]
  implicit fwks: [/Library/Frameworks;/System/Library/Frameworks]




Detecting C [-std=c11] compiler features compiled with the following output:
Change Dir: /goinfre/qmanamel/Documents/WeThinkCode_/Modules/C++/test/glad/CMakeFiles/CMakeTmp

Run Build Command:"/usr/bin/make" "cmTC_657f6/fast"
/Applications/Xcode.app/Contents/Developer/usr/bin/make -f CMakeFiles/cmTC_657f6.dir/build.make CMakeFiles/cmTC_657f6.dir/build
Building C object CMakeFiles/cmTC_657f6.dir/feature_tests.c.o
/Applications/Xcode.app/Contents/Developer/Toolchains/XcodeDefault.xctoolchain/usr/bin/cc   -std=c11 -o CMakeFiles/cmTC_657f6.dir/feature_tests.c.o   -c /goinfre/qmanamel/Documents/WeThinkCode_/Modules/C++/test/glad/CMakeFiles/feature_tests.c
Linking C executable cmTC_657f6
/goinfre/qmanamel/.brew/Cellar/cmake/3.12.0/bin/cmake -E cmake_link_script CMakeFiles/cmTC_657f6.dir/link.txt --verbose=1
/Applications/Xcode.app/Contents/Developer/Toolchains/XcodeDefault.xctoolchain/usr/bin/cc   -Wl,-search_paths_first -Wl,-headerpad_max_install_names   CMakeFiles/cmTC_657f6.dir/feature_tests.c.o  -o cmTC_657f6 


    Feature record: C_FEATURE:1c_function_prototypes
    Feature record: C_FEATURE:1c_restrict
    Feature record: C_FEATURE:1c_static_assert
    Feature record: C_FEATURE:1c_variadic_macros


Detecting C [-std=c99] compiler features compiled with the following output:
Change Dir: /goinfre/qmanamel/Documents/WeThinkCode_/Modules/C++/test/glad/CMakeFiles/CMakeTmp

Run Build Command:"/usr/bin/make" "cmTC_77bd2/fast"
/Applications/Xcode.app/Contents/Developer/usr/bin/make -f CMakeFiles/cmTC_77bd2.dir/build.make CMakeFiles/cmTC_77bd2.dir/build
Building C object CMakeFiles/cmTC_77bd2.dir/feature_tests.c.o
/Applications/Xcode.app/Contents/Developer/Toolchains/XcodeDefault.xctoolchain/usr/bin/cc   -std=c99 -o CMakeFiles/cmTC_77bd2.dir/feature_tests.c.o   -c /goinfre/qmanamel/Documents/WeThinkCode_/Modules/C++/test/glad/CMakeFiles/feature_tests.c
Linking C executable cmTC_77bd2
/goinfre/qmanamel/.brew/Cellar/cmake/3.12.0/bin/cmake -E cmake_link_script CMakeFiles/cmTC_77bd2.dir/link.txt --verbose=1
/Applications/Xcode.app/Contents/Developer/Toolchains/XcodeDefault.xctoolchain/usr/bin/cc   -Wl,-search_paths_first -Wl,-headerpad_max_install_names   CMakeFiles/cmTC_77bd2.dir/feature_tests.c.o  -o cmTC_77bd2 


    Feature record: C_FEATURE:1c_function_prototypes
    Feature record: C_FEATURE:1c_restrict
    Feature record: C_FEATURE:0c_static_assert
    Feature record: C_FEATURE:1c_variadic_macros


Detecting C [-std=c90] compiler features compiled with the following output:
Change Dir: /goinfre/qmanamel/Documents/WeThinkCode_/Modules/C++/test/glad/CMakeFiles/CMakeTmp

Run Build Command:"/usr/bin/make" "cmTC_b124f/fast"
/Applications/Xcode.app/Contents/Developer/usr/bin/make -f CMakeFiles/cmTC_b124f.dir/build.make CMakeFiles/cmTC_b124f.dir/build
Building C object CMakeFiles/cmTC_b124f.dir/feature_tests.c.o
/Applications/Xcode.app/Contents/Developer/Toolchains/XcodeDefault.xctoolchain/usr/bin/cc   -std=c90 -o CMakeFiles/cmTC_b124f.dir/feature_tests.c.o   -c /goinfre/qmanamel/Documents/WeThinkCode_/Modules/C++/test/glad/CMakeFiles/feature_tests.c
Linking C executable cmTC_b124f
/goinfre/qmanamel/.brew/Cellar/cmake/3.12.0/bin/cmake -E cmake_link_script CMakeFiles/cmTC_b124f.dir/link.txt --verbose=1
/Applications/Xcode.app/Contents/Developer/Toolchains/XcodeDefault.xctoolchain/usr/bin/cc   -Wl,-search_paths_first -Wl,-headerpad_max_install_names   CMakeFiles/cmTC_b124f.dir/feature_tests.c.o  -o cmTC_b124f 


    Feature record: C_FEATURE:1c_function_prototypes
    Feature record: C_FEATURE:0c_restrict
    Feature record: C_FEATURE:0c_static_assert
    Feature record: C_FEATURE:0c_variadic_macros
